2017-03-14 17:16:56 INFO  LogHelper:31 - HHH000204: Processing PersistenceUnitInfo [
	name: sakila
	...]
2017-03-14 17:16:56 INFO  Version:45 - HHH000412: Hibernate Core {5.2.8.Final}
2017-03-14 17:16:56 INFO  Environment:213 - HHH000206: hibernate.properties not found
2017-03-14 17:16:56 INFO  Version:66 - HCANN000001: Hibernate Commons Annotations {5.0.1.Final}
2017-03-14 17:16:57 WARN  pooling:70 - HHH10001002: Using Hibernate built-in connection pool (not for production use!)
2017-03-14 17:16:57 INFO  pooling:126 - HHH10001005: using driver [com.mysql.cj.jdbc.Driver] at URL [jdbc:mysql://192.168.1.2:3306/sakila?useUnicode=true&useJDBCCompliantTimezoneShift=true&useLegacyDatetimeCode=false&serverTimezone=UTC]
2017-03-14 17:16:57 INFO  pooling:135 - HHH10001001: Connection properties: {user=sakila, password=****}
2017-03-14 17:16:57 INFO  pooling:140 - HHH10001003: Autocommit mode: false
2017-03-14 17:16:57 INFO  DriverManagerConnectionProviderImpl:41 - HHH000115: Hibernate connection pool size: 20 (min=1)
2017-03-14 17:16:57 INFO  Dialect:157 - HHH000400: Using dialect: org.hibernate.dialect.MySQL5Dialect
2017-03-14 17:16:57 INFO  QueryTranslatorFactoryInitiator:47 - HHH000397: Using ASTQueryTranslatorFactory
2017-03-14 17:16:58 INFO  ActorDAO:20 - Actor [actorId=1, firstName=PENELOPE, lastName=GUINESS, lastUpdate=2006-02-15 05:34:33.0]
2017-03-14 17:16:58 INFO  ActorDAO:20 - Actor [actorId=2, firstName=NICK, lastName=WAHLBERG, lastUpdate=2006-02-15 05:34:33.0]
2017-03-14 17:16:58 INFO  ActorDAO:20 - Actor [actorId=3, firstName=ED, lastName=CHASE, lastUpdate=2006-02-15 05:34:33.0]
2017-03-14 17:16:58 INFO  ActorDAO:20 - Actor [actorId=4, firstName=JENNIFER, lastName=DAVIS, lastUpdate=2006-02-15 05:34:33.0]
2017-03-14 17:16:58 INFO  ActorDAO:20 - Actor [actorId=5, firstName=JOHNNY, lastName=LOLLOBRIGIDA, lastUpdate=2006-02-15 05:34:33.0]
2017-03-14 17:16:58 INFO  ActorDAO:20 - Actor [actorId=6, firstName=BETTE, lastName=NICHOLSON, lastUpdate=2006-02-15 05:34:33.0]
2017-03-14 17:16:58 INFO  ActorDAO:20 - Actor [actorId=7, firstName=GRACE, lastName=MOSTEL, lastUpdate=2006-02-15 05:34:33.0]
2017-03-14 17:16:58 INFO  ActorDAO:20 - Actor [actorId=8, firstName=MATTHEW, lastName=JOHANSSON, lastUpdate=2006-02-15 05:34:33.0]
2017-03-14 17:16:58 INFO  ActorDAO:20 - Actor [actorId=9, firstName=JOE, lastName=SWANK, lastUpdate=2006-02-15 05:34:33.0]
2017-03-14 17:16:58 INFO  ActorDAO:20 - Actor [actorId=10, firstName=CHRISTIAN, lastName=GABLE, lastUpdate=2006-02-15 05:34:33.0]
2017-03-14 17:16:58 INFO  ActorDAO:20 - Actor [actorId=11, firstName=ZERO, lastName=CAGE, lastUpdate=2006-02-15 05:34:33.0]
2017-03-14 17:16:58 INFO  ActorDAO:20 - Actor [actorId=12, firstName=KARL, lastName=BERRY, lastUpdate=2006-02-15 05:34:33.0]
2017-03-14 17:16:58 INFO  ActorDAO:20 - Actor [actorId=13, firstName=UMA, lastName=WOOD, lastUpdate=2006-02-15 05:34:33.0]
2017-03-14 17:16:58 INFO  ActorDAO:20 - Actor [actorId=14, firstName=VIVIEN, lastName=BERGEN, lastUpdate=2006-02-15 05:34:33.0]
2017-03-14 17:16:58 INFO  ActorDAO:20 - Actor [actorId=15, firstName=CUBA, lastName=OLIVIER, lastUpdate=2006-02-15 05:34:33.0]
2017-03-14 17:16:58 INFO  ActorDAO:20 - Actor [actorId=16, firstName=FRED, lastName=COSTNER, lastUpdate=2006-02-15 05:34:33.0]
2017-03-14 17:16:58 INFO  ActorDAO:20 - Actor [actorId=17, firstName=HELEN, lastName=VOIGHT, lastUpdate=2006-02-15 05:34:33.0]
2017-03-14 17:16:58 INFO  ActorDAO:20 - Actor [actorId=18, firstName=DAN, lastName=TORN, lastUpdate=2006-02-15 05:34:33.0]
2017-03-14 17:16:58 INFO  ActorDAO:20 - Actor [actorId=19, firstName=BOB, lastName=FAWCETT, lastUpdate=2006-02-15 05:34:33.0]
2017-03-14 17:16:58 INFO  ActorDAO:20 - Actor [actorId=20, firstName=LUCILLE, lastName=TRACY, lastUpdate=2006-02-15 05:34:33.0]
2017-03-14 17:16:58 INFO  ActorDAO:20 - Actor [actorId=21, firstName=KIRSTEN, lastName=PALTROW, lastUpdate=2006-02-15 05:34:33.0]
2017-03-14 17:16:58 INFO  ActorDAO:20 - Actor [actorId=22, firstName=ELVIS, lastName=MARX, lastUpdate=2006-02-15 05:34:33.0]
2017-03-14 17:16:58 INFO  ActorDAO:20 - Actor [actorId=23, firstName=SANDRA, lastName=KILMER, lastUpdate=2006-02-15 05:34:33.0]
2017-03-14 17:16:58 INFO  ActorDAO:20 - Actor [actorId=24, firstName=CAMERON, lastName=STREEP, lastUpdate=2006-02-15 05:34:33.0]
2017-03-14 17:16:58 INFO  ActorDAO:20 - Actor [actorId=25, firstName=KEVIN, lastName=BLOOM, lastUpdate=2006-02-15 05:34:33.0]
2017-03-14 17:16:58 INFO  ActorDAO:20 - Actor [actorId=26, firstName=RIP, lastName=CRAWFORD, lastUpdate=2006-02-15 05:34:33.0]
2017-03-14 17:16:58 INFO  ActorDAO:20 - Actor [actorId=27, firstName=JULIA, lastName=MCQUEEN, lastUpdate=2006-02-15 05:34:33.0]
2017-03-14 17:16:58 INFO  ActorDAO:20 - Actor [actorId=28, firstName=WOODY, lastName=HOFFMAN, lastUpdate=2006-02-15 05:34:33.0]
2017-03-14 17:16:58 INFO  ActorDAO:20 - Actor [actorId=29, firstName=ALEC, lastName=WAYNE, lastUpdate=2006-02-15 05:34:33.0]
2017-03-14 17:16:58 INFO  ActorDAO:20 - Actor [actorId=30, firstName=SANDRA, lastName=PECK, lastUpdate=2006-02-15 05:34:33.0]
2017-03-14 17:16:58 INFO  ActorDAO:20 - Actor [actorId=31, firstName=SISSY, lastName=SOBIESKI, lastUpdate=2006-02-15 05:34:33.0]
2017-03-14 17:16:58 INFO  ActorDAO:20 - Actor [actorId=32, firstName=TIM, lastName=HACKMAN, lastUpdate=2006-02-15 05:34:33.0]
2017-03-14 17:16:58 INFO  ActorDAO:20 - Actor [actorId=33, firstName=MILLA, lastName=PECK, lastUpdate=2006-02-15 05:34:33.0]
2017-03-14 17:16:58 INFO  ActorDAO:20 - Actor [actorId=34, firstName=AUDREY, lastName=OLIVIER, lastUpdate=2006-02-15 05:34:33.0]
2017-03-14 17:16:58 INFO  ActorDAO:20 - Actor [actorId=35, firstName=JUDY, lastName=DEAN, lastUpdate=2006-02-15 05:34:33.0]
2017-03-14 17:16:58 INFO  ActorDAO:20 - Actor [actorId=36, firstName=BURT, lastName=DUKAKIS, lastUpdate=2006-02-15 05:34:33.0]
2017-03-14 17:16:58 INFO  ActorDAO:20 - Actor [actorId=37, firstName=VAL, lastName=BOLGER, lastUpdate=2006-02-15 05:34:33.0]
2017-03-14 17:16:58 INFO  ActorDAO:20 - Actor [actorId=38, firstName=TOM, lastName=MCKELLEN, lastUpdate=2006-02-15 05:34:33.0]
2017-03-14 17:16:58 INFO  ActorDAO:20 - Actor [actorId=39, firstName=GOLDIE, lastName=BRODY, lastUpdate=2006-02-15 05:34:33.0]
2017-03-14 17:16:58 INFO  ActorDAO:20 - Actor [actorId=40, firstName=JOHNNY, lastName=CAGE, lastUpdate=2006-02-15 05:34:33.0]
2017-03-14 17:16:58 INFO  ActorDAO:20 - Actor [actorId=41, firstName=JODIE, lastName=DEGENERES, lastUpdate=2006-02-15 05:34:33.0]
2017-03-14 17:16:58 INFO  ActorDAO:20 - Actor [actorId=42, firstName=TOM, lastName=MIRANDA, lastUpdate=2006-02-15 05:34:33.0]
2017-03-14 17:16:58 INFO  ActorDAO:20 - Actor [actorId=43, firstName=KIRK, lastName=JOVOVICH, lastUpdate=2006-02-15 05:34:33.0]
2017-03-14 17:16:58 INFO  ActorDAO:20 - Actor [actorId=44, firstName=NICK, lastName=STALLONE, lastUpdate=2006-02-15 05:34:33.0]
2017-03-14 17:16:58 INFO  ActorDAO:20 - Actor [actorId=45, firstName=REESE, lastName=KILMER, lastUpdate=2006-02-15 05:34:33.0]
2017-03-14 17:16:58 INFO  ActorDAO:20 - Actor [actorId=46, firstName=PARKER, lastName=GOLDBERG, lastUpdate=2006-02-15 05:34:33.0]
2017-03-14 17:16:58 INFO  ActorDAO:20 - Actor [actorId=47, firstName=JULIA, lastName=BARRYMORE, lastUpdate=2006-02-15 05:34:33.0]
2017-03-14 17:16:58 INFO  ActorDAO:20 - Actor [actorId=48, firstName=FRANCES, lastName=DAY-LEWIS, lastUpdate=2006-02-15 05:34:33.0]
2017-03-14 17:16:58 INFO  ActorDAO:20 - Actor [actorId=49, firstName=ANNE, lastName=CRONYN, lastUpdate=2006-02-15 05:34:33.0]
2017-03-14 17:16:58 INFO  ActorDAO:20 - Actor [actorId=50, firstName=NATALIE, lastName=HOPKINS, lastUpdate=2006-02-15 05:34:33.0]
2017-03-14 17:16:58 INFO  ActorDAO:20 - Actor [actorId=51, firstName=GARY, lastName=PHOENIX, lastUpdate=2006-02-15 05:34:33.0]
2017-03-14 17:16:58 INFO  ActorDAO:20 - Actor [actorId=52, firstName=CARMEN, lastName=HUNT, lastUpdate=2006-02-15 05:34:33.0]
2017-03-14 17:16:58 INFO  ActorDAO:20 - Actor [actorId=53, firstName=MENA, lastName=TEMPLE, lastUpdate=2006-02-15 05:34:33.0]
2017-03-14 17:16:58 INFO  ActorDAO:20 - Actor [actorId=54, firstName=PENELOPE, lastName=PINKETT, lastUpdate=2006-02-15 05:34:33.0]
2017-03-14 17:16:58 INFO  ActorDAO:20 - Actor [actorId=55, firstName=FAY, lastName=KILMER, lastUpdate=2006-02-15 05:34:33.0]
2017-03-14 17:16:58 INFO  ActorDAO:20 - Actor [actorId=56, firstName=DAN, lastName=HARRIS, lastUpdate=2006-02-15 05:34:33.0]
2017-03-14 17:16:58 INFO  ActorDAO:20 - Actor [actorId=57, firstName=JUDE, lastName=CRUISE, lastUpdate=2006-02-15 05:34:33.0]
2017-03-14 17:16:58 INFO  ActorDAO:20 - Actor [actorId=58, firstName=CHRISTIAN, lastName=AKROYD, lastUpdate=2006-02-15 05:34:33.0]
2017-03-14 17:16:58 INFO  ActorDAO:20 - Actor [actorId=59, firstName=DUSTIN, lastName=TAUTOU, lastUpdate=2006-02-15 05:34:33.0]
2017-03-14 17:16:58 INFO  ActorDAO:20 - Actor [actorId=60, firstName=HENRY, lastName=BERRY, lastUpdate=2006-02-15 05:34:33.0]
2017-03-14 17:16:58 INFO  ActorDAO:20 - Actor [actorId=61, firstName=CHRISTIAN, lastName=NEESON, lastUpdate=2006-02-15 05:34:33.0]
2017-03-14 17:16:58 INFO  ActorDAO:20 - Actor [actorId=62, firstName=JAYNE, lastName=NEESON, lastUpdate=2006-02-15 05:34:33.0]
2017-03-14 17:16:58 INFO  ActorDAO:20 - Actor [actorId=63, firstName=CAMERON, lastName=WRAY, lastUpdate=2006-02-15 05:34:33.0]
2017-03-14 17:16:58 INFO  ActorDAO:20 - Actor [actorId=64, firstName=RAY, lastName=JOHANSSON, lastUpdate=2006-02-15 05:34:33.0]
2017-03-14 17:16:58 INFO  ActorDAO:20 - Actor [actorId=65, firstName=ANGELA, lastName=HUDSON, lastUpdate=2006-02-15 05:34:33.0]
2017-03-14 17:16:58 INFO  ActorDAO:20 - Actor [actorId=66, firstName=MARY, lastName=TANDY, lastUpdate=2006-02-15 05:34:33.0]
2017-03-14 17:16:58 INFO  ActorDAO:20 - Actor [actorId=67, firstName=JESSICA, lastName=BAILEY, lastUpdate=2006-02-15 05:34:33.0]
2017-03-14 17:16:58 INFO  ActorDAO:20 - Actor [actorId=68, firstName=RIP, lastName=WINSLET, lastUpdate=2006-02-15 05:34:33.0]
2017-03-14 17:16:58 INFO  ActorDAO:20 - Actor [actorId=69, firstName=KENNETH, lastName=PALTROW, lastUpdate=2006-02-15 05:34:33.0]
2017-03-14 17:16:58 INFO  ActorDAO:20 - Actor [actorId=70, firstName=MICHELLE, lastName=MCCONAUGHEY, lastUpdate=2006-02-15 05:34:33.0]
2017-03-14 17:16:58 INFO  ActorDAO:20 - Actor [actorId=71, firstName=ADAM, lastName=GRANT, lastUpdate=2006-02-15 05:34:33.0]
2017-03-14 17:16:58 INFO  ActorDAO:20 - Actor [actorId=72, firstName=SEAN, lastName=WILLIAMS, lastUpdate=2006-02-15 05:34:33.0]
2017-03-14 17:16:58 INFO  ActorDAO:20 - Actor [actorId=73, firstName=GARY, lastName=PENN, lastUpdate=2006-02-15 05:34:33.0]
2017-03-14 17:16:58 INFO  ActorDAO:20 - Actor [actorId=74, firstName=MILLA, lastName=KEITEL, lastUpdate=2006-02-15 05:34:33.0]
2017-03-14 17:16:58 INFO  ActorDAO:20 - Actor [actorId=75, firstName=BURT, lastName=POSEY, lastUpdate=2006-02-15 05:34:33.0]
2017-03-14 17:16:58 INFO  ActorDAO:20 - Actor [actorId=76, firstName=ANGELINA, lastName=ASTAIRE, lastUpdate=2006-02-15 05:34:33.0]
2017-03-14 17:16:58 INFO  ActorDAO:20 - Actor [actorId=77, firstName=CARY, lastName=MCCONAUGHEY, lastUpdate=2006-02-15 05:34:33.0]
2017-03-14 17:16:58 INFO  ActorDAO:20 - Actor [actorId=78, firstName=GROUCHO, lastName=SINATRA, lastUpdate=2006-02-15 05:34:33.0]
2017-03-14 17:16:58 INFO  ActorDAO:20 - Actor [actorId=79, firstName=MAE, lastName=HOFFMAN, lastUpdate=2006-02-15 05:34:33.0]
2017-03-14 17:16:58 INFO  ActorDAO:20 - Actor [actorId=80, firstName=RALPH, lastName=CRUZ, lastUpdate=2006-02-15 05:34:33.0]
2017-03-14 17:16:58 INFO  ActorDAO:20 - Actor [actorId=81, firstName=SCARLETT, lastName=DAMON, lastUpdate=2006-02-15 05:34:33.0]
2017-03-14 17:16:58 INFO  ActorDAO:20 - Actor [actorId=82, firstName=WOODY, lastName=JOLIE, lastUpdate=2006-02-15 05:34:33.0]
2017-03-14 17:16:58 INFO  ActorDAO:20 - Actor [actorId=83, firstName=BEN, lastName=WILLIS, lastUpdate=2006-02-15 05:34:33.0]
2017-03-14 17:16:58 INFO  ActorDAO:20 - Actor [actorId=84, firstName=JAMES, lastName=PITT, lastUpdate=2006-02-15 05:34:33.0]
2017-03-14 17:16:58 INFO  ActorDAO:20 - Actor [actorId=85, firstName=MINNIE, lastName=ZELLWEGER, lastUpdate=2006-02-15 05:34:33.0]
2017-03-14 17:16:58 INFO  ActorDAO:20 - Actor [actorId=86, firstName=GREG, lastName=CHAPLIN, lastUpdate=2006-02-15 05:34:33.0]
2017-03-14 17:16:58 INFO  ActorDAO:20 - Actor [actorId=87, firstName=SPENCER, lastName=PECK, lastUpdate=2006-02-15 05:34:33.0]
2017-03-14 17:16:58 INFO  ActorDAO:20 - Actor [actorId=88, firstName=KENNETH, lastName=PESCI, lastUpdate=2006-02-15 05:34:33.0]
2017-03-14 17:16:58 INFO  ActorDAO:20 - Actor [actorId=89, firstName=CHARLIZE, lastName=DENCH, lastUpdate=2006-02-15 05:34:33.0]
2017-03-14 17:16:58 INFO  ActorDAO:20 - Actor [actorId=90, firstName=SEAN, lastName=GUINESS, lastUpdate=2006-02-15 05:34:33.0]
2017-03-14 17:16:58 INFO  ActorDAO:20 - Actor [actorId=91, firstName=CHRISTOPHER, lastName=BERRY, lastUpdate=2006-02-15 05:34:33.0]
2017-03-14 17:16:58 INFO  ActorDAO:20 - Actor [actorId=92, firstName=KIRSTEN, lastName=AKROYD, lastUpdate=2006-02-15 05:34:33.0]
2017-03-14 17:16:58 INFO  ActorDAO:20 - Actor [actorId=93, firstName=ELLEN, lastName=PRESLEY, lastUpdate=2006-02-15 05:34:33.0]
2017-03-14 17:16:58 INFO  ActorDAO:20 - Actor [actorId=94, firstName=KENNETH, lastName=TORN, lastUpdate=2006-02-15 05:34:33.0]
2017-03-14 17:16:58 INFO  ActorDAO:20 - Actor [actorId=95, firstName=DARYL, lastName=WAHLBERG, lastUpdate=2006-02-15 05:34:33.0]
2017-03-14 17:16:58 INFO  ActorDAO:20 - Actor [actorId=96, firstName=GENE, lastName=WILLIS, lastUpdate=2006-02-15 05:34:33.0]
2017-03-14 17:16:58 INFO  ActorDAO:20 - Actor [actorId=97, firstName=MEG, lastName=HAWKE, lastUpdate=2006-02-15 05:34:33.0]
2017-03-14 17:16:58 INFO  ActorDAO:20 - Actor [actorId=98, firstName=CHRIS, lastName=BRIDGES, lastUpdate=2006-02-15 05:34:33.0]
2017-03-14 17:16:58 INFO  ActorDAO:20 - Actor [actorId=99, firstName=JIM, lastName=MOSTEL, lastUpdate=2006-02-15 05:34:33.0]
2017-03-14 17:16:58 INFO  ActorDAO:20 - Actor [actorId=100, firstName=SPENCER, lastName=DEPP, lastUpdate=2006-02-15 05:34:33.0]
2017-03-14 17:16:58 INFO  ActorDAO:20 - Actor [actorId=101, firstName=SUSAN, lastName=DAVIS, lastUpdate=2006-02-15 05:34:33.0]
2017-03-14 17:16:58 INFO  ActorDAO:20 - Actor [actorId=102, firstName=WALTER, lastName=TORN, lastUpdate=2006-02-15 05:34:33.0]
2017-03-14 17:16:58 INFO  ActorDAO:20 - Actor [actorId=103, firstName=MATTHEW, lastName=LEIGH, lastUpdate=2006-02-15 05:34:33.0]
2017-03-14 17:16:58 INFO  ActorDAO:20 - Actor [actorId=104, firstName=PENELOPE, lastName=CRONYN, lastUpdate=2006-02-15 05:34:33.0]
2017-03-14 17:16:58 INFO  ActorDAO:20 - Actor [actorId=105, firstName=SIDNEY, lastName=CROWE, lastUpdate=2006-02-15 05:34:33.0]
2017-03-14 17:16:58 INFO  ActorDAO:20 - Actor [actorId=106, firstName=GROUCHO, lastName=DUNST, lastUpdate=2006-02-15 05:34:33.0]
2017-03-14 17:16:58 INFO  ActorDAO:20 - Actor [actorId=107, firstName=GINA, lastName=DEGENERES, lastUpdate=2006-02-15 05:34:33.0]
2017-03-14 17:16:58 INFO  ActorDAO:20 - Actor [actorId=108, firstName=WARREN, lastName=NOLTE, lastUpdate=2006-02-15 05:34:33.0]
2017-03-14 17:16:58 INFO  ActorDAO:20 - Actor [actorId=109, firstName=SYLVESTER, lastName=DERN, lastUpdate=2006-02-15 05:34:33.0]
2017-03-14 17:16:58 INFO  ActorDAO:20 - Actor [actorId=110, firstName=SUSAN, lastName=DAVIS, lastUpdate=2006-02-15 05:34:33.0]
2017-03-14 17:16:58 INFO  ActorDAO:20 - Actor [actorId=111, firstName=CAMERON, lastName=ZELLWEGER, lastUpdate=2006-02-15 05:34:33.0]
2017-03-14 17:16:58 INFO  ActorDAO:20 - Actor [actorId=112, firstName=RUSSELL, lastName=BACALL, lastUpdate=2006-02-15 05:34:33.0]
2017-03-14 17:16:58 INFO  ActorDAO:20 - Actor [actorId=113, firstName=MORGAN, lastName=HOPKINS, lastUpdate=2006-02-15 05:34:33.0]
2017-03-14 17:16:58 INFO  ActorDAO:20 - Actor [actorId=114, firstName=MORGAN, lastName=MCDORMAND, lastUpdate=2006-02-15 05:34:33.0]
2017-03-14 17:16:58 INFO  ActorDAO:20 - Actor [actorId=115, firstName=HARRISON, lastName=BALE, lastUpdate=2006-02-15 05:34:33.0]
2017-03-14 17:16:58 INFO  ActorDAO:20 - Actor [actorId=116, firstName=DAN, lastName=STREEP, lastUpdate=2006-02-15 05:34:33.0]
2017-03-14 17:16:58 INFO  ActorDAO:20 - Actor [actorId=117, firstName=RENEE, lastName=TRACY, lastUpdate=2006-02-15 05:34:33.0]
2017-03-14 17:16:58 INFO  ActorDAO:20 - Actor [actorId=118, firstName=CUBA, lastName=ALLEN, lastUpdate=2006-02-15 05:34:33.0]
2017-03-14 17:16:58 INFO  ActorDAO:20 - Actor [actorId=119, firstName=WARREN, lastName=JACKMAN, lastUpdate=2006-02-15 05:34:33.0]
2017-03-14 17:16:58 INFO  ActorDAO:20 - Actor [actorId=120, firstName=PENELOPE, lastName=MONROE, lastUpdate=2006-02-15 05:34:33.0]
2017-03-14 17:16:58 INFO  ActorDAO:20 - Actor [actorId=121, firstName=LIZA, lastName=BERGMAN, lastUpdate=2006-02-15 05:34:33.0]
2017-03-14 17:16:58 INFO  ActorDAO:20 - Actor [actorId=122, firstName=SALMA, lastName=NOLTE, lastUpdate=2006-02-15 05:34:33.0]
2017-03-14 17:16:58 INFO  ActorDAO:20 - Actor [actorId=123, firstName=JULIANNE, lastName=DENCH, lastUpdate=2006-02-15 05:34:33.0]
2017-03-14 17:16:58 INFO  ActorDAO:20 - Actor [actorId=124, firstName=SCARLETT, lastName=BENING, lastUpdate=2006-02-15 05:34:33.0]
2017-03-14 17:16:58 INFO  ActorDAO:20 - Actor [actorId=125, firstName=ALBERT, lastName=NOLTE, lastUpdate=2006-02-15 05:34:33.0]
2017-03-14 17:16:58 INFO  ActorDAO:20 - Actor [actorId=126, firstName=FRANCES, lastName=TOMEI, lastUpdate=2006-02-15 05:34:33.0]
2017-03-14 17:16:58 INFO  ActorDAO:20 - Actor [actorId=127, firstName=KEVIN, lastName=GARLAND, lastUpdate=2006-02-15 05:34:33.0]
2017-03-14 17:16:58 INFO  ActorDAO:20 - Actor [actorId=128, firstName=CATE, lastName=MCQUEEN, lastUpdate=2006-02-15 05:34:33.0]
2017-03-14 17:16:58 INFO  ActorDAO:20 - Actor [actorId=129, firstName=DARYL, lastName=CRAWFORD, lastUpdate=2006-02-15 05:34:33.0]
2017-03-14 17:16:58 INFO  ActorDAO:20 - Actor [actorId=130, firstName=GRETA, lastName=KEITEL, lastUpdate=2006-02-15 05:34:33.0]
2017-03-14 17:16:58 INFO  ActorDAO:20 - Actor [actorId=131, firstName=JANE, lastName=JACKMAN, lastUpdate=2006-02-15 05:34:33.0]
2017-03-14 17:16:58 INFO  ActorDAO:20 - Actor [actorId=132, firstName=ADAM, lastName=HOPPER, lastUpdate=2006-02-15 05:34:33.0]
2017-03-14 17:16:58 INFO  ActorDAO:20 - Actor [actorId=133, firstName=RICHARD, lastName=PENN, lastUpdate=2006-02-15 05:34:33.0]
2017-03-14 17:16:58 INFO  ActorDAO:20 - Actor [actorId=134, firstName=GENE, lastName=HOPKINS, lastUpdate=2006-02-15 05:34:33.0]
2017-03-14 17:16:58 INFO  ActorDAO:20 - Actor [actorId=135, firstName=RITA, lastName=REYNOLDS, lastUpdate=2006-02-15 05:34:33.0]
2017-03-14 17:16:58 INFO  ActorDAO:20 - Actor [actorId=136, firstName=ED, lastName=MANSFIELD, lastUpdate=2006-02-15 05:34:33.0]
2017-03-14 17:16:58 INFO  ActorDAO:20 - Actor [actorId=137, firstName=MORGAN, lastName=WILLIAMS, lastUpdate=2006-02-15 05:34:33.0]
2017-03-14 17:16:58 INFO  ActorDAO:20 - Actor [actorId=138, firstName=LUCILLE, lastName=DEE, lastUpdate=2006-02-15 05:34:33.0]
2017-03-14 17:16:58 INFO  ActorDAO:20 - Actor [actorId=139, firstName=EWAN, lastName=GOODING, lastUpdate=2006-02-15 05:34:33.0]
2017-03-14 17:16:58 INFO  ActorDAO:20 - Actor [actorId=140, firstName=WHOOPI, lastName=HURT, lastUpdate=2006-02-15 05:34:33.0]
2017-03-14 17:16:58 INFO  ActorDAO:20 - Actor [actorId=141, firstName=CATE, lastName=HARRIS, lastUpdate=2006-02-15 05:34:33.0]
2017-03-14 17:16:58 INFO  ActorDAO:20 - Actor [actorId=142, firstName=JADA, lastName=RYDER, lastUpdate=2006-02-15 05:34:33.0]
2017-03-14 17:16:58 INFO  ActorDAO:20 - Actor [actorId=143, firstName=RIVER, lastName=DEAN, lastUpdate=2006-02-15 05:34:33.0]
2017-03-14 17:16:58 INFO  ActorDAO:20 - Actor [actorId=144, firstName=ANGELA, lastName=WITHERSPOON, lastUpdate=2006-02-15 05:34:33.0]
2017-03-14 17:16:58 INFO  ActorDAO:20 - Actor [actorId=145, firstName=KIM, lastName=ALLEN, lastUpdate=2006-02-15 05:34:33.0]
2017-03-14 17:16:58 INFO  ActorDAO:20 - Actor [actorId=146, firstName=ALBERT, lastName=JOHANSSON, lastUpdate=2006-02-15 05:34:33.0]
2017-03-14 17:16:58 INFO  ActorDAO:20 - Actor [actorId=147, firstName=FAY, lastName=WINSLET, lastUpdate=2006-02-15 05:34:33.0]
2017-03-14 17:16:58 INFO  ActorDAO:20 - Actor [actorId=148, firstName=EMILY, lastName=DEE, lastUpdate=2006-02-15 05:34:33.0]
2017-03-14 17:16:58 INFO  ActorDAO:20 - Actor [actorId=149, firstName=RUSSELL, lastName=TEMPLE, lastUpdate=2006-02-15 05:34:33.0]
2017-03-14 17:16:58 INFO  ActorDAO:20 - Actor [actorId=150, firstName=JAYNE, lastName=NOLTE, lastUpdate=2006-02-15 05:34:33.0]
2017-03-14 17:16:58 INFO  ActorDAO:20 - Actor [actorId=151, firstName=GEOFFREY, lastName=HESTON, lastUpdate=2006-02-15 05:34:33.0]
2017-03-14 17:16:58 INFO  ActorDAO:20 - Actor [actorId=152, firstName=BEN, lastName=HARRIS, lastUpdate=2006-02-15 05:34:33.0]
2017-03-14 17:16:58 INFO  ActorDAO:20 - Actor [actorId=153, firstName=MINNIE, lastName=KILMER, lastUpdate=2006-02-15 05:34:33.0]
2017-03-14 17:16:58 INFO  ActorDAO:20 - Actor [actorId=154, firstName=MERYL, lastName=GIBSON, lastUpdate=2006-02-15 05:34:33.0]
2017-03-14 17:16:58 INFO  ActorDAO:20 - Actor [actorId=155, firstName=IAN, lastName=TANDY, lastUpdate=2006-02-15 05:34:33.0]
2017-03-14 17:16:58 INFO  ActorDAO:20 - Actor [actorId=156, firstName=FAY, lastName=WOOD, lastUpdate=2006-02-15 05:34:33.0]
2017-03-14 17:16:58 INFO  ActorDAO:20 - Actor [actorId=157, firstName=GRETA, lastName=MALDEN, lastUpdate=2006-02-15 05:34:33.0]
2017-03-14 17:16:58 INFO  ActorDAO:20 - Actor [actorId=158, firstName=VIVIEN, lastName=BASINGER, lastUpdate=2006-02-15 05:34:33.0]
2017-03-14 17:16:58 INFO  ActorDAO:20 - Actor [actorId=159, firstName=LAURA, lastName=BRODY, lastUpdate=2006-02-15 05:34:33.0]
2017-03-14 17:16:58 INFO  ActorDAO:20 - Actor [actorId=160, firstName=CHRIS, lastName=DEPP, lastUpdate=2006-02-15 05:34:33.0]
2017-03-14 17:16:58 INFO  ActorDAO:20 - Actor [actorId=161, firstName=HARVEY, lastName=HOPE, lastUpdate=2006-02-15 05:34:33.0]
2017-03-14 17:16:58 INFO  ActorDAO:20 - Actor [actorId=162, firstName=OPRAH, lastName=KILMER, lastUpdate=2006-02-15 05:34:33.0]
2017-03-14 17:16:58 INFO  ActorDAO:20 - Actor [actorId=163, firstName=CHRISTOPHER, lastName=WEST, lastUpdate=2006-02-15 05:34:33.0]
2017-03-14 17:16:58 INFO  ActorDAO:20 - Actor [actorId=164, firstName=HUMPHREY, lastName=WILLIS, lastUpdate=2006-02-15 05:34:33.0]
2017-03-14 17:16:58 INFO  ActorDAO:20 - Actor [actorId=165, firstName=AL, lastName=GARLAND, lastUpdate=2006-02-15 05:34:33.0]
2017-03-14 17:16:58 INFO  ActorDAO:20 - Actor [actorId=166, firstName=NICK, lastName=DEGENERES, lastUpdate=2006-02-15 05:34:33.0]
2017-03-14 17:16:58 INFO  ActorDAO:20 - Actor [actorId=167, firstName=LAURENCE, lastName=BULLOCK, lastUpdate=2006-02-15 05:34:33.0]
2017-03-14 17:16:58 INFO  ActorDAO:20 - Actor [actorId=168, firstName=WILL, lastName=WILSON, lastUpdate=2006-02-15 05:34:33.0]
2017-03-14 17:16:58 INFO  ActorDAO:20 - Actor [actorId=169, firstName=KENNETH, lastName=HOFFMAN, lastUpdate=2006-02-15 05:34:33.0]
2017-03-14 17:16:58 INFO  ActorDAO:20 - Actor [actorId=170, firstName=MENA, lastName=HOPPER, lastUpdate=2006-02-15 05:34:33.0]
2017-03-14 17:16:58 INFO  ActorDAO:20 - Actor [actorId=171, firstName=OLYMPIA, lastName=PFEIFFER, lastUpdate=2006-02-15 05:34:33.0]
2017-03-14 17:16:58 INFO  ActorDAO:20 - Actor [actorId=172, firstName=GROUCHO, lastName=WILLIAMS, lastUpdate=2006-02-15 05:34:33.0]
2017-03-14 17:16:58 INFO  ActorDAO:20 - Actor [actorId=173, firstName=ALAN, lastName=DREYFUSS, lastUpdate=2006-02-15 05:34:33.0]
2017-03-14 17:16:58 INFO  ActorDAO:20 - Actor [actorId=174, firstName=MICHAEL, lastName=BENING, lastUpdate=2006-02-15 05:34:33.0]
2017-03-14 17:16:58 INFO  ActorDAO:20 - Actor [actorId=175, firstName=WILLIAM, lastName=HACKMAN, lastUpdate=2006-02-15 05:34:33.0]
2017-03-14 17:16:58 INFO  ActorDAO:20 - Actor [actorId=176, firstName=JON, lastName=CHASE, lastUpdate=2006-02-15 05:34:33.0]
2017-03-14 17:16:58 INFO  ActorDAO:20 - Actor [actorId=177, firstName=GENE, lastName=MCKELLEN, lastUpdate=2006-02-15 05:34:33.0]
2017-03-14 17:16:58 INFO  ActorDAO:20 - Actor [actorId=178, firstName=LISA, lastName=MONROE, lastUpdate=2006-02-15 05:34:33.0]
2017-03-14 17:16:58 INFO  ActorDAO:20 - Actor [actorId=179, firstName=ED, lastName=GUINESS, lastUpdate=2006-02-15 05:34:33.0]
2017-03-14 17:16:58 INFO  ActorDAO:20 - Actor [actorId=180, firstName=JEFF, lastName=SILVERSTONE, lastUpdate=2006-02-15 05:34:33.0]
2017-03-14 17:16:58 INFO  ActorDAO:20 - Actor [actorId=181, firstName=MATTHEW, lastName=CARREY, lastUpdate=2006-02-15 05:34:33.0]
2017-03-14 17:16:58 INFO  ActorDAO:20 - Actor [actorId=182, firstName=DEBBIE, lastName=AKROYD, lastUpdate=2006-02-15 05:34:33.0]
2017-03-14 17:16:58 INFO  ActorDAO:20 - Actor [actorId=183, firstName=RUSSELL, lastName=CLOSE, lastUpdate=2006-02-15 05:34:33.0]
2017-03-14 17:16:58 INFO  ActorDAO:20 - Actor [actorId=184, firstName=HUMPHREY, lastName=GARLAND, lastUpdate=2006-02-15 05:34:33.0]
2017-03-14 17:16:58 INFO  ActorDAO:20 - Actor [actorId=185, firstName=MICHAEL, lastName=BOLGER, lastUpdate=2006-02-15 05:34:33.0]
2017-03-14 17:16:58 INFO  ActorDAO:20 - Actor [actorId=186, firstName=JULIA, lastName=ZELLWEGER, lastUpdate=2006-02-15 05:34:33.0]
2017-03-14 17:16:58 INFO  ActorDAO:20 - Actor [actorId=187, firstName=RENEE, lastName=BALL, lastUpdate=2006-02-15 05:34:33.0]
2017-03-14 17:16:58 INFO  ActorDAO:20 - Actor [actorId=188, firstName=ROCK, lastName=DUKAKIS, lastUpdate=2006-02-15 05:34:33.0]
2017-03-14 17:16:58 INFO  ActorDAO:20 - Actor [actorId=189, firstName=CUBA, lastName=BIRCH, lastUpdate=2006-02-15 05:34:33.0]
2017-03-14 17:16:58 INFO  ActorDAO:20 - Actor [actorId=190, firstName=AUDREY, lastName=BAILEY, lastUpdate=2006-02-15 05:34:33.0]
2017-03-14 17:16:58 INFO  ActorDAO:20 - Actor [actorId=191, firstName=GREGORY, lastName=GOODING, lastUpdate=2006-02-15 05:34:33.0]
2017-03-14 17:16:58 INFO  ActorDAO:20 - Actor [actorId=192, firstName=JOHN, lastName=SUVARI, lastUpdate=2006-02-15 05:34:33.0]
2017-03-14 17:16:58 INFO  ActorDAO:20 - Actor [actorId=193, firstName=BURT, lastName=TEMPLE, lastUpdate=2006-02-15 05:34:33.0]
2017-03-14 17:16:58 INFO  ActorDAO:20 - Actor [actorId=194, firstName=MERYL, lastName=ALLEN, lastUpdate=2006-02-15 05:34:33.0]
2017-03-14 17:16:58 INFO  ActorDAO:20 - Actor [actorId=195, firstName=JAYNE, lastName=SILVERSTONE, lastUpdate=2006-02-15 05:34:33.0]
2017-03-14 17:16:58 INFO  ActorDAO:20 - Actor [actorId=196, firstName=BELA, lastName=WALKEN, lastUpdate=2006-02-15 05:34:33.0]
2017-03-14 17:16:58 INFO  ActorDAO:20 - Actor [actorId=197, firstName=REESE, lastName=WEST, lastUpdate=2006-02-15 05:34:33.0]
2017-03-14 17:16:58 INFO  ActorDAO:20 - Actor [actorId=198, firstName=MARY, lastName=KEITEL, lastUpdate=2006-02-15 05:34:33.0]
2017-03-14 17:16:58 INFO  ActorDAO:20 - Actor [actorId=199, firstName=JULIA, lastName=FAWCETT, lastUpdate=2006-02-15 05:34:33.0]
2017-03-14 17:16:58 INFO  ActorDAO:20 - Actor [actorId=200, firstName=THORA, lastName=TEMPLE, lastUpdate=2006-02-15 05:34:33.0]
2017-03-14 17:16:58 INFO  ActorDAO:20 - Actor [actorId=202, firstName=Mario, lastName=Rossi, lastUpdate=2017-03-01 20:38:49.0]
2017-03-14 17:16:58 INFO  ActorDAO:20 - Actor [actorId=203, firstName=RICKY, lastName=TOGNAZZI, lastUpdate=2017-03-06 21:04:35.0]
2017-03-14 17:16:58 INFO  ActorDAO:20 - Actor [actorId=204, firstName=LAETITIA, lastName=CASTA, lastUpdate=2017-03-06 22:41:08.0]
2017-03-14 17:16:58 INFO  ActorDAO:20 - Actor [actorId=205, firstName=RICKY, lastName=TOGNAZZI, lastUpdate=2017-03-06 22:36:12.0]
2017-03-14 17:16:58 INFO  ActorDAO:20 - Actor [actorId=206, firstName=LAETITIA, lastName=CASTA, lastUpdate=2017-03-06 22:36:13.0]
2017-03-14 17:16:58 INFO  ActorDAO:20 - Actor [actorId=207, firstName=RICKY, lastName=TOGNAZZI, lastUpdate=2017-03-06 22:37:32.0]
2017-03-14 17:16:58 INFO  ActorDAO:20 - Actor [actorId=208, firstName=LAETITIA, lastName=CASTA, lastUpdate=2017-03-06 22:37:32.0]
2017-03-14 17:16:58 INFO  ActorDAO:20 - Actor [actorId=209, firstName=RICKY, lastName=TOGNAZZI, lastUpdate=2017-03-06 22:41:08.0]
2017-03-14 17:16:58 INFO  ActorDAO:20 - Actor [actorId=211, firstName=Gina, lastName=Lollobrigida, lastUpdate=2017-03-12 23:18:04.0]
